2024-12-16 00:35:39 INFO  Utils:112 - [TestNG] Running:
  F:\Automation_Testing_Project\OpenCartV121\master.xml

2024-12-16 00:35:39 INFO  TC001_AccountRegistrationTest:18 - **************Starting******************
2024-12-16 00:35:39 ERROR TC001_AccountRegistrationTest:58 - Test Case is failed.........
2024-12-16 00:40:19 INFO  Utils:112 - [TestNG] Running:
  F:\Automation_Testing_Project\OpenCartV121\master.xml

2024-12-16 00:44:08 INFO  Utils:112 - [TestNG] Running:
  F:\Automation_Testing_Project\OpenCartV121\crossbrowsertesting.xml

2024-12-16 00:44:08 INFO  TC001_AccountRegistrationTest:18 - **************Starting******************
2024-12-16 00:44:08 ERROR TC001_AccountRegistrationTest:58 - Test Case is failed.........
2024-12-16 00:46:11 INFO  Utils:112 - [TestNG] Running:
  F:\Automation_Testing_Project\OpenCartV121\crossbrowsertesting.xml

2024-12-16 00:46:11 INFO  TC001_AccountRegistrationTest:18 - **************Starting******************
2024-12-16 00:46:11 ERROR TC001_AccountRegistrationTest:58 - Test Case is failed.........
2024-12-16 00:46:22 INFO  TC001_AccountRegistrationTest:18 - **************Starting******************
2024-12-16 00:46:22 INFO  TC001_AccountRegistrationTest:26 - Clicked on My Account link
2024-12-16 00:46:23 INFO  TC001_AccountRegistrationTest:30 - Clicked Register button
2024-12-16 00:46:23 INFO  TC001_AccountRegistrationTest:34 - Entering Customer Details...........
2024-12-16 00:46:40 ERROR TC001_AccountRegistrationTest:58 - Test Case is failed.........
2024-12-16 00:47:19 INFO  Utils:112 - [TestNG] Running:
  F:\Automation_Testing_Project\OpenCartV121\crossbrowsertesting.xml

